C:\USERS\GOPICHAN\CODE\VC\RACER2D\RACER2D\DEBUG\PCH.PCH
C:\USERS\GOPICHAN\CODE\VC\RACER2D\RACER2D\DEBUG\PCH.OBJ
C:\USERS\GOPICHAN\CODE\VC\RACER2D\RACER2D\DEBUG\VC110.PDB
C:\USERS\GOPICHAN\CODE\VC\RACER2D\RACER2D\DEBUG\ANIMATIONSTORYBOARD.OBJ
C:\USERS\GOPICHAN\CODE\VC\RACER2D\RACER2D\DEBUG\MOVEANIMATION.OBJ
C:\USERS\GOPICHAN\CODE\VC\RACER2D\RACER2D\DEBUG\APP.XAML.OBJ
C:\USERS\GOPICHAN\CODE\VC\RACER2D\RACER2D\DEBUG\XAMLTYPEINFO.IMPL.G.OBJ
C:\USERS\GOPICHAN\CODE\VC\RACER2D\RACER2D\DEBUG\GAMEOBJECT.OBJ
C:\USERS\GOPICHAN\CODE\VC\RACER2D\RACER2D\DEBUG\SIMPLETEXTRENDERER.OBJ
C:\USERS\GOPICHAN\CODE\VC\RACER2D\RACER2D\DEBUG\GAMEVIEW.OBJ
C:\USERS\GOPICHAN\CODE\VC\RACER2D\RACER2D\DEBUG\DIRECTXBASE.OBJ
C:\USERS\GOPICHAN\CODE\VC\RACER2D\RACER2D\DEBUG\VIEWCONTROLLER.OBJ
C:\USERS\GOPICHAN\CODE\VC\RACER2D\RACER2D\DEBUG\DIRECTXRENDERER.OBJ
C:\USERS\GOPICHAN\CODE\VC\RACER2D\RACER2D\DEBUG\ANIMATION.OBJ
C:\USERS\GOPICHAN\CODE\VC\RACER2D\RACER2D\DEBUG\ANIMATIONSEQUENCE.OBJ
C:\USERS\GOPICHAN\CODE\VC\RACER2D\RACER2D\DEBUG\DIRECTXPAGE.XAML.OBJ
C:\Users\gopichan\code\vc\Racer2D\Racer2D\Debug\Animation.obj
C:\Users\gopichan\code\vc\Racer2D\Racer2D\Debug\AnimationSequence.obj
C:\Users\gopichan\code\vc\Racer2D\Racer2D\Debug\AnimationStoryBoard.obj
C:\Users\gopichan\code\vc\Racer2D\Racer2D\Debug\App.xaml.obj
C:\Users\gopichan\code\vc\Racer2D\Racer2D\Debug\DirectXBase.obj
C:\Users\gopichan\code\vc\Racer2D\Racer2D\Debug\DirectXPage.xaml.obj
C:\Users\gopichan\code\vc\Racer2D\Racer2D\Debug\DirectXRenderer.obj
C:\Users\gopichan\code\vc\Racer2D\Racer2D\Debug\GameObject.obj
C:\Users\gopichan\code\vc\Racer2D\Racer2D\Debug\GameView.obj
C:\Users\gopichan\code\vc\Racer2D\Racer2D\Debug\MoveAnimation.obj
C:\Users\gopichan\code\vc\Racer2D\Racer2D\Debug\pch.obj
C:\Users\gopichan\code\vc\Racer2D\Racer2D\Debug\SimpleTextRenderer.obj
C:\Users\gopichan\code\vc\Racer2D\Racer2D\Debug\ViewController.obj
C:\Users\gopichan\code\vc\Racer2D\Racer2D\Debug\XamlTypeInfo.Impl.g.obj
C:\Users\gopichan\code\vc\Racer2D\Racer2D\Debug\CL.1244.read.1.tlog
C:\Users\gopichan\code\vc\Racer2D\Racer2D\Debug\CL.1244.write.1.tlog
C:\Users\gopichan\code\vc\Racer2D\Racer2D\Debug\CL.3692.read.1.tlog
C:\Users\gopichan\code\vc\Racer2D\Racer2D\Debug\CL.3692.write.1.tlog
C:\Users\gopichan\code\vc\Racer2D\Racer2D\Debug\CL.7896.read.1.tlog
C:\Users\gopichan\code\vc\Racer2D\Racer2D\Debug\CL.7896.write.1.tlog
C:\Users\gopichan\code\vc\Racer2D\Racer2D\Debug\CL.8144.read.1.tlog
C:\Users\gopichan\code\vc\Racer2D\Racer2D\Debug\CL.8144.write.1.tlog
C:\Users\gopichan\code\vc\Racer2D\Racer2D\Debug\cl.command.1.tlog
C:\Users\gopichan\code\vc\Racer2D\Racer2D\Debug\CL.read.1.tlog
C:\Users\gopichan\code\vc\Racer2D\Racer2D\Debug\CL.write.1.tlog
C:\Users\gopichan\code\vc\Racer2D\Racer2D\Debug\pch.pch
C:\Users\gopichan\code\vc\Racer2D\Racer2D\Debug\vc110.idb
C:\Users\gopichan\code\vc\Racer2D\Racer2D\Debug\vc110.pdb
C:\Users\gopichan\code\vc\Racer2D\Racer2D\Generated Files\App.g.h
C:\Users\gopichan\code\vc\Racer2D\Racer2D\Generated Files\DirectXPage.g.h
C:\Users\gopichan\code\vc\Racer2D\Racer2D\Generated Files\XamlTypeInfo.g.h
C:\Users\gopichan\code\vc\Racer2D\Racer2D\Generated Files\XamlLibMetadataProvider.g.cpp
C:\Users\gopichan\code\vc\Racer2D\Racer2D\Generated Files\XamlTypeInfo.Impl.g.cpp
